c:\users\gunny\desktop\gameprogramming\example\debug\vc142.pdb
c:\users\gunny\desktop\gameprogramming\example\debug\vc142.idb
c:\users\gunny\desktop\gameprogramming\example\debug\util.obj
c:\users\gunny\desktop\gameprogramming\example\debug\shaderprogram.obj
c:\users\gunny\desktop\gameprogramming\example\debug\scene.obj
c:\users\gunny\desktop\gameprogramming\example\debug\map.obj
c:\users\gunny\desktop\gameprogramming\example\debug\main.obj
c:\users\gunny\desktop\gameprogramming\example\debug\level2.obj
c:\users\gunny\desktop\gameprogramming\example\debug\level1.obj
c:\users\gunny\desktop\gameprogramming\example\debug\entity.obj
c:\users\gunny\desktop\gameprogramming\example\debug\effects.obj
c:\users\gunny\desktop\p6 test\debug\vc142.pdb
c:\users\gunny\desktop\p6 test\debug\vc142.idb
c:\users\gunny\desktop\p6 test\debug\util.obj
c:\users\gunny\desktop\p6 test\debug\shaderprogram.obj
c:\users\gunny\desktop\p6 test\debug\scene.obj
c:\users\gunny\desktop\p6 test\debug\menu.obj
c:\users\gunny\desktop\p6 test\debug\map.obj
c:\users\gunny\desktop\p6 test\debug\main.obj
c:\users\gunny\desktop\p6 test\debug\level2.obj
c:\users\gunny\desktop\p6 test\debug\level1.obj
c:\users\gunny\desktop\p6 test\debug\entity.obj
c:\users\gunny\desktop\p6 test\debug\effects.obj
c:\users\gunny\desktop\p6 test\debug\glew32.dll
c:\users\gunny\desktop\p6 test\debug\sdl2.dll
c:\users\gunny\desktop\gameprogramming\example\debug\sdlproject.exe
c:\users\gunny\desktop\gameprogramming\example\debug\sdlproject.ilk
c:\users\gunny\desktop\gameprogramming\example\debug\sdlproject.pdb
c:\users\gunny\desktop\p6 test\debug\sdlproject.exe
c:\users\gunny\desktop\p6 test\debug\sdlproject.ilk
c:\users\gunny\desktop\p6 test\debug\sdlproject.pdb
c:\users\gunny\desktop\p6 test\debug\sdlproject.tlog\cl.command.1.tlog
c:\users\gunny\desktop\p6 test\debug\sdlproject.tlog\cl.read.1.tlog
c:\users\gunny\desktop\p6 test\debug\sdlproject.tlog\cl.write.1.tlog
c:\users\gunny\desktop\p6 test\debug\sdlproject.tlog\copyfile.command.1.tlog
c:\users\gunny\desktop\p6 test\debug\sdlproject.tlog\copyfile.read.1.tlog
c:\users\gunny\desktop\p6 test\debug\sdlproject.tlog\copyfile.write.1.tlog
c:\users\gunny\desktop\p6 test\debug\sdlproject.tlog\link.command.1.tlog
c:\users\gunny\desktop\p6 test\debug\sdlproject.tlog\link.read.1.tlog
c:\users\gunny\desktop\p6 test\debug\sdlproject.tlog\link.write.1.tlog
