c:\users\gunny\desktop\gameprogramming\example\debug\vc142.pdb
c:\users\gunny\desktop\gameprogramming\example\debug\vc142.idb
c:\users\gunny\desktop\gameprogramming\example\debug\shaderprogram.obj
c:\users\gunny\desktop\gameprogramming\example\debug\main.obj
c:\users\gunny\desktop\gameprogramming\example\debug\entity.obj
c:\users\gunny\desktop\gameprogramming\p4\sldproject\debug\vc142.pdb
c:\users\gunny\desktop\gameprogramming\p4\sldproject\debug\vc142.idb
c:\users\gunny\desktop\gameprogramming\p4\sldproject\debug\shaderprogram.obj
c:\users\gunny\desktop\gameprogramming\p4\sldproject\debug\main.obj
c:\users\gunny\desktop\gameprogramming\p4\sldproject\debug\entity.obj
c:\users\gunny\desktop\gameprogramming\p4\sldproject\debug\glew32.dll
c:\users\gunny\desktop\gameprogramming\p4\sldproject\debug\sdl2.dll
c:\users\gunny\desktop\gameprogramming\example\debug\sdlproject.exe
c:\users\gunny\desktop\gameprogramming\example\debug\sdlproject.ilk
c:\users\gunny\desktop\gameprogramming\example\debug\sdlproject.pdb
c:\users\gunny\desktop\gameprogramming\p4\sldproject\debug\sdlproject.exe
c:\users\gunny\desktop\gameprogramming\p4\sldproject\debug\sdlproject.ilk
c:\users\gunny\desktop\gameprogramming\p4\sldproject\debug\sdlproject.pdb
c:\users\gunny\desktop\gameprogramming\p4\sldproject\debug\sdlproject.tlog\cl.command.1.tlog
c:\users\gunny\desktop\gameprogramming\p4\sldproject\debug\sdlproject.tlog\cl.read.1.tlog
c:\users\gunny\desktop\gameprogramming\p4\sldproject\debug\sdlproject.tlog\cl.write.1.tlog
c:\users\gunny\desktop\gameprogramming\p4\sldproject\debug\sdlproject.tlog\copyfile.command.1.tlog
c:\users\gunny\desktop\gameprogramming\p4\sldproject\debug\sdlproject.tlog\copyfile.read.1.tlog
c:\users\gunny\desktop\gameprogramming\p4\sldproject\debug\sdlproject.tlog\copyfile.write.1.tlog
c:\users\gunny\desktop\gameprogramming\p4\sldproject\debug\sdlproject.tlog\link.command.1.tlog
c:\users\gunny\desktop\gameprogramming\p4\sldproject\debug\sdlproject.tlog\link.read.1.tlog
c:\users\gunny\desktop\gameprogramming\p4\sldproject\debug\sdlproject.tlog\link.write.1.tlog
